<?xml version="1.0" encoding="UTF-8"?>
<testng-results ignored="5" total="16" passed="9" failed="2" skipped="0">
  <reporter-output>
    <line>
      <![CDATA[<a href="E:/screenshots/scr.jpg" target="_blank">Screenshot link</a>]]>
    </line>
    <line>
      <![CDATA[<br>]]>
    </line>
    <line>
      <![CDATA[<a href="E:\screenshots\scr.jpg" target="_blank"><image src="https://img.vz.ru/upimg/m10/m1085392.jpg"></a>]]>
    </line>
    <line>
      <![CDATA[<a href="E:/screenshots/scr.jpg" target="_blank">Screenshot link</a>]]>
    </line>
    <line>
      <![CDATA[<br>]]>
    </line>
    <line>
      <![CDATA[<a href="E:\screenshots\scr.jpg" target="_blank"><image src="https://img.vz.ru/upimg/m10/m1085392.jpg"></a>]]>
    </line>
  </reporter-output>
  <suite started-at="2021-02-17T11:01:33 MSK" name="All Test Suite" finished-at="2021-02-17T11:01:33 MSK" duration-ms="0">
    <groups>
    </groups>
  </suite> <!-- All Test Suite -->
  <suite started-at="2021-02-17T11:01:32 MSK" name="All Test Suite (0)" finished-at="2021-02-17T11:01:32 MSK" duration-ms="133">
    <groups>
      <group name="functional">
        <method signature="TestCase3.doUserRegistration()[pri:1, instance:testcases.TestCase3@795cd85e]" name="doUserRegistration" class="testcases.TestCase3"/>
        <method signature="TestCase3.doLogin()[pri:2, instance:testcases.TestCase3@795cd85e]" name="doLogin" class="testcases.TestCase3"/>
        <method signature="TestCase1.doLogin()[pri:2, instance:testcases.TestCase1@498d318c]" name="doLogin" class="testcases.TestCase1"/>
        <method signature="TestCase1.doUserRegistration()[pri:1, instance:testcases.TestCase1@498d318c]" name="doUserRegistration" class="testcases.TestCase1"/>
      </group> <!-- functional -->
    </groups>
    <test started-at="2021-02-17T11:01:32 MSK" name="E:/projects/testng-course" finished-at="2021-02-17T11:01:32 MSK" duration-ms="133">
      <class name="testcases.TestCase3">
        <test-method signature="doUserRegistration()[pri:1, instance:testcases.TestCase3@795cd85e]" started-at="2021-02-17T11:01:32 MSK" name="doUserRegistration" finished-at="2021-02-17T11:01:32 MSK" duration-ms="2" status="FAIL">
          <exception class="java.lang.AssertionError">
            <message>
              <![CDATA[User not registered successfully]]>
            </message>
            <full-stacktrace>
              <![CDATA[java.lang.AssertionError: User not registered successfully
at org.testng.Assert.fail(Assert.java:97)
at testcases.TestCase3.doUserRegistration(TestCase3.java:12)
at java.base/jdk.internal.reflect.NativeMethodAccessorImpl.invoke0(Native Method)
at java.base/jdk.internal.reflect.NativeMethodAccessorImpl.invoke(NativeMethodAccessorImpl.java:62)
at java.base/jdk.internal.reflect.DelegatingMethodAccessorImpl.invoke(DelegatingMethodAccessorImpl.java:43)
at java.base/java.lang.reflect.Method.invoke(Method.java:566)
at org.testng.internal.MethodInvocationHelper.invokeMethod(MethodInvocationHelper.java:133)
at org.testng.internal.TestInvoker.invokeMethod(TestInvoker.java:584)
at org.testng.internal.TestInvoker.invokeTestMethod(TestInvoker.java:172)
at org.testng.internal.MethodRunner.runInSequence(MethodRunner.java:46)
at org.testng.internal.TestInvoker$MethodInvocationAgent.invoke(TestInvoker.java:804)
at org.testng.internal.TestInvoker.invokeTestMethods(TestInvoker.java:145)
at org.testng.internal.TestMethodWorker.invokeTestMethods(TestMethodWorker.java:146)
at org.testng.internal.TestMethodWorker.run(TestMethodWorker.java:128)
at java.base/java.util.ArrayList.forEach(ArrayList.java:1541)
at org.testng.TestRunner.privateRun(TestRunner.java:770)
at org.testng.TestRunner.run(TestRunner.java:591)
at org.testng.SuiteRunner.runTest(SuiteRunner.java:402)
at org.testng.SuiteRunner.runSequentially(SuiteRunner.java:396)
at org.testng.SuiteRunner.privateRun(SuiteRunner.java:355)
at org.testng.SuiteRunner.run(SuiteRunner.java:304)
at org.testng.SuiteRunnerWorker.runSuite(SuiteRunnerWorker.java:53)
at org.testng.SuiteRunnerWorker.run(SuiteRunnerWorker.java:96)
at org.testng.TestNG.runSuitesSequentially(TestNG.java:1180)
at org.testng.TestNG.runSuitesSequentially(TestNG.java:1175)
at org.testng.TestNG.runSuitesLocally(TestNG.java:1102)
at org.testng.TestNG.runSuites(TestNG.java:1032)
at org.testng.TestNG.run(TestNG.java:1000)
at com.intellij.rt.testng.IDEARemoteTestNG.run(IDEARemoteTestNG.java:66)
at com.intellij.rt.testng.RemoteTestNGStarter.main(RemoteTestNGStarter.java:110)
]]>
            </full-stacktrace>
          </exception> <!-- java.lang.AssertionError -->
          <reporter-output>
            <line>
              <![CDATA[<a href="E:/screenshots/scr.jpg" target="_blank">Screenshot link</a>]]>
            </line>
            <line>
              <![CDATA[<br>]]>
            </line>
            <line>
              <![CDATA[<a href="E:\screenshots\scr.jpg" target="_blank"><image src="https://img.vz.ru/upimg/m10/m1085392.jpg"></a>]]>
            </line>
          </reporter-output>
        </test-method> <!-- doUserRegistration -->
        <test-method signature="thirdTest()[pri:3, instance:testcases.TestCase3@795cd85e]" started-at="2021-02-17T11:01:32 MSK" name="thirdTest" finished-at="2021-02-17T11:01:32 MSK" duration-ms="0" status="PASS">
          <reporter-output>
          </reporter-output>
        </test-method> <!-- thirdTest -->
        <test-method signature="doLogin()[pri:2, instance:testcases.TestCase3@795cd85e]" started-at="2021-02-17T11:01:32 MSK" name="doLogin" finished-at="2021-02-17T11:01:32 MSK" depends-on-methods="testcases.TestCase3.doUserRegistration" duration-ms="0" status="PASS">
          <reporter-output>
          </reporter-output>
        </test-method> <!-- doLogin -->
        <test-method signature="fourthTest()[pri:4, instance:testcases.TestCase3@795cd85e]" started-at="2021-02-17T11:01:32 MSK" name="fourthTest" finished-at="2021-02-17T11:01:32 MSK" duration-ms="0" status="PASS">
          <reporter-output>
          </reporter-output>
        </test-method> <!-- fourthTest -->
      </class> <!-- testcases.TestCase3 -->
      <class name="testcases.TestCase2">
        <test-method signature="validateTitles()[pri:0, instance:testcases.TestCase2@402bba4f]" started-at="2021-02-17T11:01:32 MSK" name="validateTitles" finished-at="2021-02-17T11:01:32 MSK" duration-ms="0" status="PASS">
          <reporter-output>
          </reporter-output>
        </test-method> <!-- validateTitles -->
      </class> <!-- testcases.TestCase2 -->
      <class name="testcases.TestCase1">
        <test-method is-config="true" signature="setUp()[pri:0, instance:testcases.TestCase1@498d318c]" started-at="2021-02-17T11:01:32 MSK" name="setUp" finished-at="2021-02-17T11:01:32 MSK" duration-ms="10" status="PASS">
          <reporter-output>
          </reporter-output>
        </test-method> <!-- setUp -->
        <test-method is-config="true" signature="CreatingDbConnection()[pri:0, instance:testcases.TestCase1@498d318c]" started-at="2021-02-17T11:01:32 MSK" name="CreatingDbConnection" finished-at="2021-02-17T11:01:32 MSK" duration-ms="0" status="PASS">
          <reporter-output>
          </reporter-output>
        </test-method> <!-- CreatingDbConnection -->
        <test-method signature="doUserRegistration()[pri:1, instance:testcases.TestCase1@498d318c]" started-at="2021-02-17T11:01:32 MSK" name="doUserRegistration" finished-at="2021-02-17T11:01:32 MSK" duration-ms="0" status="PASS">
          <reporter-output>
          </reporter-output>
        </test-method> <!-- doUserRegistration -->
        <test-method is-config="true" signature="LaunchBrowser()[pri:0, instance:testcases.TestCase1@498d318c]" started-at="2021-02-17T11:01:32 MSK" name="LaunchBrowser" finished-at="2021-02-17T11:01:32 MSK" duration-ms="0" status="PASS">
          <reporter-output>
          </reporter-output>
        </test-method> <!-- LaunchBrowser -->
        <test-method is-config="true" signature="CloseBrowser()[pri:0, instance:testcases.TestCase1@498d318c]" started-at="2021-02-17T11:01:32 MSK" name="CloseBrowser" finished-at="2021-02-17T11:01:32 MSK" duration-ms="9" status="PASS">
          <reporter-output>
          </reporter-output>
        </test-method> <!-- CloseBrowser -->
        <test-method is-config="true" signature="LaunchBrowser()[pri:0, instance:testcases.TestCase1@498d318c]" started-at="2021-02-17T11:01:32 MSK" name="LaunchBrowser" finished-at="2021-02-17T11:01:32 MSK" duration-ms="0" status="PASS">
          <reporter-output>
          </reporter-output>
        </test-method> <!-- LaunchBrowser -->
        <test-method signature="doLogin()[pri:2, instance:testcases.TestCase1@498d318c]" started-at="2021-02-17T11:01:32 MSK" name="doLogin" finished-at="2021-02-17T11:01:32 MSK" duration-ms="0" status="PASS">
          <reporter-output>
          </reporter-output>
        </test-method> <!-- doLogin -->
        <test-method is-config="true" signature="CloseBrowser()[pri:0, instance:testcases.TestCase1@498d318c]" started-at="2021-02-17T11:01:32 MSK" name="CloseBrowser" finished-at="2021-02-17T11:01:32 MSK" duration-ms="0" status="PASS">
          <reporter-output>
          </reporter-output>
        </test-method> <!-- CloseBrowser -->
        <test-method is-config="true" signature="ClosingDBConnection()[pri:0, instance:testcases.TestCase1@498d318c]" started-at="2021-02-17T11:01:32 MSK" name="ClosingDBConnection" finished-at="2021-02-17T11:01:32 MSK" duration-ms="9" status="PASS">
          <reporter-output>
          </reporter-output>
        </test-method> <!-- ClosingDBConnection -->
        <test-method is-config="true" signature="tearDown()[pri:0, instance:testcases.TestCase1@498d318c]" started-at="2021-02-17T11:01:33 MSK" name="tearDown" finished-at="2021-02-17T11:01:33 MSK" duration-ms="0" status="PASS">
          <reporter-output>
          </reporter-output>
        </test-method> <!-- tearDown -->
      </class> <!-- testcases.TestCase1 -->
    </test> <!-- E:/projects/testng-course -->
  </suite> <!-- All Test Suite (0) -->
  <suite started-at="2021-02-17T11:01:33 MSK" name="All Test Suite (1)" finished-at="2021-02-17T11:01:33 MSK" duration-ms="33">
    <groups>
      <group name="functional">
        <method signature="TestCase3.doUserRegistration()[pri:1, instance:testcases.TestCase3@a514af7]" name="doUserRegistration" class="testcases.TestCase3"/>
        <method signature="TestCase3.doLogin()[pri:2, instance:testcases.TestCase3@a514af7]" name="doLogin" class="testcases.TestCase3"/>
      </group> <!-- functional -->
    </groups>
    <test started-at="2021-02-17T11:01:33 MSK" name="E:/projects/testng-course" finished-at="2021-02-17T11:01:33 MSK" duration-ms="33">
      <class name="testcases.TestCase3">
        <test-method signature="doUserRegistration()[pri:1, instance:testcases.TestCase3@a514af7]" started-at="2021-02-17T11:01:33 MSK" name="doUserRegistration" finished-at="2021-02-17T11:01:33 MSK" duration-ms="9" status="FAIL">
          <exception class="java.lang.AssertionError">
            <message>
              <![CDATA[User not registered successfully]]>
            </message>
            <full-stacktrace>
              <![CDATA[java.lang.AssertionError: User not registered successfully
at org.testng.Assert.fail(Assert.java:97)
at testcases.TestCase3.doUserRegistration(TestCase3.java:12)
at java.base/jdk.internal.reflect.NativeMethodAccessorImpl.invoke0(Native Method)
at java.base/jdk.internal.reflect.NativeMethodAccessorImpl.invoke(NativeMethodAccessorImpl.java:62)
at java.base/jdk.internal.reflect.DelegatingMethodAccessorImpl.invoke(DelegatingMethodAccessorImpl.java:43)
at java.base/java.lang.reflect.Method.invoke(Method.java:566)
at org.testng.internal.MethodInvocationHelper.invokeMethod(MethodInvocationHelper.java:133)
at org.testng.internal.TestInvoker.invokeMethod(TestInvoker.java:584)
at org.testng.internal.TestInvoker.invokeTestMethod(TestInvoker.java:172)
at org.testng.internal.MethodRunner.runInSequence(MethodRunner.java:46)
at org.testng.internal.TestInvoker$MethodInvocationAgent.invoke(TestInvoker.java:804)
at org.testng.internal.TestInvoker.invokeTestMethods(TestInvoker.java:145)
at org.testng.internal.TestMethodWorker.invokeTestMethods(TestMethodWorker.java:146)
at org.testng.internal.TestMethodWorker.run(TestMethodWorker.java:128)
at java.base/java.util.ArrayList.forEach(ArrayList.java:1541)
at org.testng.TestRunner.privateRun(TestRunner.java:770)
at org.testng.TestRunner.run(TestRunner.java:591)
at org.testng.SuiteRunner.runTest(SuiteRunner.java:402)
at org.testng.SuiteRunner.runSequentially(SuiteRunner.java:396)
at org.testng.SuiteRunner.privateRun(SuiteRunner.java:355)
at org.testng.SuiteRunner.run(SuiteRunner.java:304)
at org.testng.SuiteRunnerWorker.runSuite(SuiteRunnerWorker.java:53)
at org.testng.SuiteRunnerWorker.run(SuiteRunnerWorker.java:96)
at org.testng.TestNG.runSuitesSequentially(TestNG.java:1180)
at org.testng.TestNG.runSuitesSequentially(TestNG.java:1175)
at org.testng.TestNG.runSuitesLocally(TestNG.java:1102)
at org.testng.TestNG.runSuites(TestNG.java:1032)
at org.testng.TestNG.run(TestNG.java:1000)
at com.intellij.rt.testng.IDEARemoteTestNG.run(IDEARemoteTestNG.java:66)
at com.intellij.rt.testng.RemoteTestNGStarter.main(RemoteTestNGStarter.java:110)
]]>
            </full-stacktrace>
          </exception> <!-- java.lang.AssertionError -->
          <reporter-output>
            <line>
              <![CDATA[<a href="E:/screenshots/scr.jpg" target="_blank">Screenshot link</a>]]>
            </line>
            <line>
              <![CDATA[<br>]]>
            </line>
            <line>
              <![CDATA[<a href="E:\screenshots\scr.jpg" target="_blank"><image src="https://img.vz.ru/upimg/m10/m1085392.jpg"></a>]]>
            </line>
          </reporter-output>
        </test-method> <!-- doUserRegistration -->
        <test-method is-config="true" signature="setUp()[pri:0, instance:testcases.TestCase3@a514af7]" started-at="2021-02-17T11:01:33 MSK" name="setUp" finished-at="2021-02-17T11:01:33 MSK" duration-ms="0" status="PASS">
          <reporter-output>
          </reporter-output>
        </test-method> <!-- setUp -->
        <test-method signature="thirdTest()[pri:3, instance:testcases.TestCase3@a514af7]" started-at="2021-02-17T11:01:33 MSK" name="thirdTest" finished-at="2021-02-17T11:01:33 MSK" duration-ms="12" status="PASS">
          <reporter-output>
          </reporter-output>
        </test-method> <!-- thirdTest -->
        <test-method signature="doLogin()[pri:2, instance:testcases.TestCase3@a514af7]" started-at="2021-02-17T11:01:33 MSK" name="doLogin" finished-at="2021-02-17T11:01:33 MSK" depends-on-methods="testcases.TestCase3.doUserRegistration" duration-ms="0" status="PASS">
          <reporter-output>
          </reporter-output>
        </test-method> <!-- doLogin -->
        <test-method signature="fourthTest()[pri:4, instance:testcases.TestCase3@a514af7]" started-at="2021-02-17T11:01:33 MSK" name="fourthTest" finished-at="2021-02-17T11:01:33 MSK" duration-ms="9" status="PASS">
          <reporter-output>
          </reporter-output>
        </test-method> <!-- fourthTest -->
        <test-method is-config="true" signature="tearDown()[pri:0, instance:testcases.TestCase3@a514af7]" started-at="2021-02-17T11:01:33 MSK" name="tearDown" finished-at="2021-02-17T11:01:33 MSK" duration-ms="9" status="PASS">
          <reporter-output>
          </reporter-output>
        </test-method> <!-- tearDown -->
      </class> <!-- testcases.TestCase3 -->
    </test> <!-- E:/projects/testng-course -->
  </suite> <!-- All Test Suite (1) -->
</testng-results>
